[ 2018-03-31T19:16:09+08:00 ] 0.0.0.0 /shop/index.php
INFO: [ app_begin ] --START--
INFO: ReadHtmlCache Behavior ::run [ RunTime:0.002323s ]
INFO: [ app_begin ] --END-- [ RunTime:0.002604s ]

[ 2018-03-31T19:16:22+08:00 ] 0.0.0.0 /shop/index.php/Index/user
INFO: [ route_check ] --START--
INFO: CheckRoute Behavior ::run [ RunTime:0.008098s ]
INFO: [ route_check ] --END-- [ RunTime:0.008434s ]
NOTIC: [8192] preg_replace(): The /e modifier is deprecated, use preg_replace_callback instead C:\Wamp\www\ThinkPHP\Lib\Core\Dispatcher.class.php 第 132 行.
INFO: [ app_begin ] --START--
INFO: ReadHtmlCache Behavior ::run [ RunTime:0.000523s ]
INFO: [ app_begin ] --END-- [ RunTime:0.000678s ]
NOTIC: [8192] mysql_connect(): The mysql extension is deprecated and will be removed in the future: use mysqli or PDO instead C:\Wamp\www\ThinkPHP\Lib\Driver\Db\DbMysql.class.php 第 55 行.
SQL: SHOW COLUMNS FROM `course` [ RunTime:0.055927s ]
NOTIC: [8192] preg_replace(): The /e modifier is deprecated, use preg_replace_callback instead C:\Wamp\www\ThinkPHP\Lib\Core\Db.class.php 第 605 行.
SQL: SELECT * FROM `course`  [ RunTime:0.023072s ]
ERR: 模板不存在[./APP/Tpl/Index/user.html]

[ 2018-03-31T19:17:25+08:00 ] 0.0.0.0 /shop/index.php/Index/user
INFO: [ route_check ] --START--
INFO: CheckRoute Behavior ::run [ RunTime:0.000810s ]
INFO: [ route_check ] --END-- [ RunTime:0.001034s ]
NOTIC: [8192] preg_replace(): The /e modifier is deprecated, use preg_replace_callback instead C:\Wamp\www\ThinkPHP\Lib\Core\Dispatcher.class.php 第 132 行.
INFO: [ app_begin ] --START--
INFO: ReadHtmlCache Behavior ::run [ RunTime:0.001023s ]
INFO: [ app_begin ] --END-- [ RunTime:0.001172s ]
NOTIC: [8192] mysql_connect(): The mysql extension is deprecated and will be removed in the future: use mysqli or PDO instead C:\Wamp\www\ThinkPHP\Lib\Driver\Db\DbMysql.class.php 第 55 行.
SQL: SHOW COLUMNS FROM `course` [ RunTime:0.000802s ]
NOTIC: [8192] preg_replace(): The /e modifier is deprecated, use preg_replace_callback instead C:\Wamp\www\ThinkPHP\Lib\Core\Db.class.php 第 605 行.
SQL: SELECT * FROM `course`  [ RunTime:0.000423s ]

[ 2018-03-31T19:21:58+08:00 ] 0.0.0.0 /shop/index.php/Index/user
INFO: [ route_check ] --START--
INFO: CheckRoute Behavior ::run [ RunTime:0.001927s ]
INFO: [ route_check ] --END-- [ RunTime:0.002168s ]
NOTIC: [8192] preg_replace(): The /e modifier is deprecated, use preg_replace_callback instead C:\Wamp\www\ThinkPHP\Lib\Core\Dispatcher.class.php 第 132 行.
INFO: [ app_begin ] --START--
INFO: ReadHtmlCache Behavior ::run [ RunTime:0.001959s ]
INFO: [ app_begin ] --END-- [ RunTime:0.002186s ]

[ 2018-03-31T19:22:28+08:00 ] 0.0.0.0 /shop/index.php/Index/user
INFO: [ route_check ] --START--
INFO: CheckRoute Behavior ::run [ RunTime:0.000906s ]
INFO: [ route_check ] --END-- [ RunTime:0.001033s ]
NOTIC: [8192] preg_replace(): The /e modifier is deprecated, use preg_replace_callback instead C:\Wamp\www\ThinkPHP\Lib\Core\Dispatcher.class.php 第 132 行.
INFO: [ app_begin ] --START--
INFO: ReadHtmlCache Behavior ::run [ RunTime:0.000746s ]
INFO: [ app_begin ] --END-- [ RunTime:0.000860s ]
NOTIC: [8192] mysql_connect(): The mysql extension is deprecated and will be removed in the future: use mysqli or PDO instead C:\Wamp\www\ThinkPHP\Lib\Driver\Db\DbMysql.class.php 第 55 行.
SQL: SHOW COLUMNS FROM `course` [ RunTime:0.108983s ]

[ 2018-03-31T19:23:56+08:00 ] 0.0.0.0 /shop/index.php/Index/user
INFO: [ route_check ] --START--
INFO: CheckRoute Behavior ::run [ RunTime:0.000900s ]
INFO: [ route_check ] --END-- [ RunTime:0.001049s ]
NOTIC: [8192] preg_replace(): The /e modifier is deprecated, use preg_replace_callback instead C:\Wamp\www\ThinkPHP\Lib\Core\Dispatcher.class.php 第 132 行.
INFO: [ app_begin ] --START--
INFO: ReadHtmlCache Behavior ::run [ RunTime:0.000992s ]
INFO: [ app_begin ] --END-- [ RunTime:0.001105s ]
NOTIC: [8192] mysql_connect(): The mysql extension is deprecated and will be removed in the future: use mysqli or PDO instead C:\Wamp\www\ThinkPHP\Lib\Driver\Db\DbMysql.class.php 第 55 行.
SQL: SHOW COLUMNS FROM `course` [ RunTime:0.001568s ]

[ 2018-03-31T19:23:57+08:00 ] 0.0.0.0 /shop/index.php/Index/user
INFO: [ route_check ] --START--
INFO: CheckRoute Behavior ::run [ RunTime:0.000901s ]
INFO: [ route_check ] --END-- [ RunTime:0.001022s ]
NOTIC: [8192] preg_replace(): The /e modifier is deprecated, use preg_replace_callback instead C:\Wamp\www\ThinkPHP\Lib\Core\Dispatcher.class.php 第 132 行.
INFO: [ app_begin ] --START--
INFO: ReadHtmlCache Behavior ::run [ RunTime:0.000728s ]
INFO: [ app_begin ] --END-- [ RunTime:0.000874s ]
NOTIC: [8192] mysql_connect(): The mysql extension is deprecated and will be removed in the future: use mysqli or PDO instead C:\Wamp\www\ThinkPHP\Lib\Driver\Db\DbMysql.class.php 第 55 行.
SQL: SHOW COLUMNS FROM `course` [ RunTime:0.001043s ]

[ 2018-03-31T19:24:19+08:00 ] 0.0.0.0 /shop/index.php/Index/user
INFO: [ route_check ] --START--
INFO: CheckRoute Behavior ::run [ RunTime:0.000856s ]
INFO: [ route_check ] --END-- [ RunTime:0.000982s ]
NOTIC: [8192] preg_replace(): The /e modifier is deprecated, use preg_replace_callback instead C:\Wamp\www\ThinkPHP\Lib\Core\Dispatcher.class.php 第 132 行.
INFO: [ app_begin ] --START--
INFO: ReadHtmlCache Behavior ::run [ RunTime:0.000703s ]
INFO: [ app_begin ] --END-- [ RunTime:0.000816s ]
NOTIC: [8192] mysql_connect(): The mysql extension is deprecated and will be removed in the future: use mysqli or PDO instead C:\Wamp\www\ThinkPHP\Lib\Driver\Db\DbMysql.class.php 第 55 行.
SQL: SHOW COLUMNS FROM `course` [ RunTime:0.000722s ]
ERR: 表达式错误:课程名

[ 2018-03-31T19:27:06+08:00 ] 0.0.0.0 /shop/index.php/Index/user
INFO: [ route_check ] --START--
INFO: CheckRoute Behavior ::run [ RunTime:0.000934s ]
INFO: [ route_check ] --END-- [ RunTime:0.001133s ]
NOTIC: [8192] preg_replace(): The /e modifier is deprecated, use preg_replace_callback instead C:\Wamp\www\ThinkPHP\Lib\Core\Dispatcher.class.php 第 132 行.
INFO: [ app_begin ] --START--
INFO: ReadHtmlCache Behavior ::run [ RunTime:0.000797s ]
INFO: [ app_begin ] --END-- [ RunTime:0.000910s ]
NOTIC: [8192] mysql_connect(): The mysql extension is deprecated and will be removed in the future: use mysqli or PDO instead C:\Wamp\www\ThinkPHP\Lib\Driver\Db\DbMysql.class.php 第 55 行.
SQL: SHOW COLUMNS FROM `course` [ RunTime:0.001012s ]
ERR: 表达式错误:课程名

[ 2018-03-31T19:27:07+08:00 ] 0.0.0.0 /shop/index.php/Index/user
INFO: [ route_check ] --START--
INFO: CheckRoute Behavior ::run [ RunTime:0.000948s ]
INFO: [ route_check ] --END-- [ RunTime:0.001108s ]
NOTIC: [8192] preg_replace(): The /e modifier is deprecated, use preg_replace_callback instead C:\Wamp\www\ThinkPHP\Lib\Core\Dispatcher.class.php 第 132 行.
INFO: [ app_begin ] --START--
INFO: ReadHtmlCache Behavior ::run [ RunTime:0.000743s ]
INFO: [ app_begin ] --END-- [ RunTime:0.000863s ]
NOTIC: [8192] mysql_connect(): The mysql extension is deprecated and will be removed in the future: use mysqli or PDO instead C:\Wamp\www\ThinkPHP\Lib\Driver\Db\DbMysql.class.php 第 55 行.
SQL: SHOW COLUMNS FROM `course` [ RunTime:0.001005s ]
ERR: 表达式错误:课程名

[ 2018-03-31T19:27:08+08:00 ] 0.0.0.0 /shop/index.php/Index/user
INFO: [ route_check ] --START--
INFO: CheckRoute Behavior ::run [ RunTime:0.000900s ]
INFO: [ route_check ] --END-- [ RunTime:0.001057s ]
NOTIC: [8192] preg_replace(): The /e modifier is deprecated, use preg_replace_callback instead C:\Wamp\www\ThinkPHP\Lib\Core\Dispatcher.class.php 第 132 行.
INFO: [ app_begin ] --START--
INFO: ReadHtmlCache Behavior ::run [ RunTime:0.000789s ]
INFO: [ app_begin ] --END-- [ RunTime:0.000919s ]
NOTIC: [8192] mysql_connect(): The mysql extension is deprecated and will be removed in the future: use mysqli or PDO instead C:\Wamp\www\ThinkPHP\Lib\Driver\Db\DbMysql.class.php 第 55 行.
SQL: SHOW COLUMNS FROM `course` [ RunTime:0.000512s ]
ERR: 表达式错误:课程名

[ 2018-03-31T19:34:37+08:00 ] 0.0.0.0 /shop/index.php/Index/user
ERR: 表达式错误:课程名

[ 2018-03-31T19:34:38+08:00 ] 0.0.0.0 /shop/index.php/Index/user
ERR: 表达式错误:课程名

[ 2018-03-31T19:34:39+08:00 ] 0.0.0.0 /shop/index.php/Index/user
ERR: 表达式错误:课程名

[ 2018-03-31T19:38:13+08:00 ] 0.0.0.0 /shop/index.php/Index/user
ERR: 模板不存在[./APP/Tpl/Index/user.html]

[ 2018-03-31T19:43:07+08:00 ] 0.0.0.0 /shop/index.php/Index/user
ERR: 模板不存在[./APP/Tpl/Index/user.html]

[ 2018-03-31T20:06:36+08:00 ] 0.0.0.0 /shop/index.php/Index/user
ERR: 模板不存在[./APP/Tpl/Index/user.html]

[ 2018-03-31T20:25:17+08:00 ] 0.0.0.0 /shop/index.php/Index/user
ERR: 模板不存在[./APP/Tpl/Index/user.html]

[ 2018-03-31T20:33:01+08:00 ] 0.0.0.0 /shop/index.php/Index/user
ERR: 模板不存在[./APP/Tpl/Index/user.html]

[ 2018-03-31T20:37:14+08:00 ] 0.0.0.0 /shop/index.php/Index/user
ERR: 表达式错误:课程名

[ 2018-03-31T20:38:14+08:00 ] 0.0.0.0 /shop/index.php/Index/user
ERR: 表达式错误:课程名

[ 2018-03-31T20:40:53+08:00 ] 0.0.0.0 /shop/index.php/Index/user
ERR: 表达式错误:课程号

[ 2018-03-31T20:43:15+08:00 ] 0.0.0.0 /shop/index.php/Index/user
ERR: 表达式错误:课程名

[ 2018-03-31T20:43:15+08:00 ] 0.0.0.0 /shop/index.php/Index/user
ERR: 表达式错误:课程名

[ 2018-03-31T20:43:16+08:00 ] 0.0.0.0 /shop/index.php/Index/user
ERR: 表达式错误:课程名

[ 2018-03-31T20:46:02+08:00 ] 0.0.0.0 /shop/index.php/Index/user
ERR: 表达式错误:课程号

[ 2018-03-31T20:46:55+08:00 ] 0.0.0.0 /shop/index.php/Index/user
ERR: 表达式错误:课程号

[ 2018-03-31T20:46:56+08:00 ] 0.0.0.0 /shop/index.php/Index/user
ERR: 表达式错误:课程号

[ 2018-03-31T20:48:02+08:00 ] 0.0.0.0 /shop/index.php/Index/user
ERR: 表达式错误:课程号

[ 2018-03-31T20:48:03+08:00 ] 0.0.0.0 /shop/index.php/Index/user
ERR: 表达式错误:课程号

