[ 2018-04-14T17:32:09+08:00 ] ::1 /newshop/shop/index.php/Index/User/login
INFO: [ app_init ] --START--
INFO: Run Behavior\BuildLiteBehavior [ RunTime:0.000025s ]
INFO: [ app_init ] --END-- [ RunTime:0.125157s ]
ERR: 无法加载模块:Index

[ 2018-04-14T17:32:20+08:00 ] ::1 /newshop/shop/index.php/Index/User
INFO: [ app_init ] --START--
INFO: Run Behavior\BuildLiteBehavior [ RunTime:0.000037s ]
INFO: [ app_init ] --END-- [ RunTime:0.001120s ]
ERR: 无法加载模块:Index

[ 2018-04-14T17:32:31+08:00 ] ::1 /newshop/shop/index.php/yanzhengma
INFO: [ app_init ] --START--
INFO: Run Behavior\BuildLiteBehavior [ RunTime:0.000027s ]
INFO: [ app_init ] --END-- [ RunTime:0.000468s ]
ERR: 无法加载模块:Yanzhengma

[ 2018-04-14T17:32:49+08:00 ] ::1 /newshop/shop/index.php/Index/User/login
INFO: [ app_init ] --START--
INFO: Run Behavior\BuildLiteBehavior [ RunTime:0.000024s ]
INFO: [ app_init ] --END-- [ RunTime:0.000463s ]
ERR: 无法加载模块:Index

[ 2018-04-14T17:32:54+08:00 ] ::1 /newshop/shop/index.php/Index/Home/User/login
INFO: [ app_init ] --START--
INFO: Run Behavior\BuildLiteBehavior [ RunTime:0.000027s ]
INFO: [ app_init ] --END-- [ RunTime:0.000478s ]
ERR: 无法加载模块:Index

[ 2018-04-14T17:33:24+08:00 ] ::1 /newshop/shop/index.php/index/User/register
INFO: [ app_init ] --START--
INFO: Run Behavior\BuildLiteBehavior [ RunTime:0.000025s ]
INFO: [ app_init ] --END-- [ RunTime:0.000513s ]
ERR: 无法加载模块:Index

[ 2018-04-14T17:33:32+08:00 ] ::1 /newshop/shop/index.php/Index/User/register
INFO: [ app_init ] --START--
INFO: Run Behavior\BuildLiteBehavior [ RunTime:0.000023s ]
INFO: [ app_init ] --END-- [ RunTime:0.000468s ]
ERR: 无法加载模块:Index

